[2m2:12:31 AM[22m [31m[1m[vite][22m[39m [31mInternal server error: Failed to resolve import "./pages/Gallery" from "src/App.tsx". Does the file exist?[39m
  Plugin: [35mvite:import-analysis[39m
  File: [36mE:/All DOCS/LIFE_OXI/src/App.tsx[39m:5:0
[33m  5  |  import Navbar from "./components/Navbar";
  6  |  import Footer from "./components/Footer";
  7  |  import Gallery from "./pages/Gallery";
     |                       ^
  8  |  import Home from "./pages/Home";
  9  |  function HashScrollManager() {[39m
      at TransformPluginContext._formatLog (file:///E:/All%20DOCS/LIFE_OXI/node_modules/vite/dist/node/chunks/config.js:28998:43)
      at TransformPluginContext.error (file:///E:/All%20DOCS/LIFE_OXI/node_modules/vite/dist/node/chunks/config.js:28995:14)
      at normalizeUrl (file:///E:/All%20DOCS/LIFE_OXI/node_modules/vite/dist/node/chunks/config.js:27118:18)
      at process.processTicksAndRejections (node:internal/process/task_queues:104:5)
      at async file:///E:/All%20DOCS/LIFE_OXI/node_modules/vite/dist/node/chunks/config.js:27176:32
      at async Promise.all (index 5)
      at async TransformPluginContext.transform (file:///E:/All%20DOCS/LIFE_OXI/node_modules/vite/dist/node/chunks/config.js:27144:4)
      at async EnvironmentPluginContainer.transform (file:///E:/All%20DOCS/LIFE_OXI/node_modules/vite/dist/node/chunks/config.js:28796:14)
      at async loadAndTransform (file:///E:/All%20DOCS/LIFE_OXI/node_modules/vite/dist/node/chunks/config.js:22669:26)
      at async viteTransformMiddleware (file:///E:/All%20DOCS/LIFE_OXI/node_modules/vite/dist/node/chunks/config.js:24541:20)
[2m2:16:46 AM[22m [31m[1m[vite][22m[39m [31m[2m(client)[22m[39m Pre-transform error: Failed to resolve import "./pages/Gallery" from "src/App.tsx". Does the file exist?
  Plugin: [35mvite:import-analysis[39m
  File: [36mE:/All DOCS/LIFE_OXI/src/App.tsx[39m:5:0
[33m  5  |  import Navbar from "./components/Navbar";
  6  |  import Footer from "./components/Footer";
  7  |  import Gallery from "./pages/Gallery";
     |                       ^
  8  |  import Home from "./pages/Home";
  9  |  function HashScrollManager() {[39m
[2m2:16:46 AM[22m [31m[1m[vite][22m[39m [31mInternal server error: Failed to resolve import "./pages/Gallery" from "src/App.tsx". Does the file exist?[39m
  Plugin: [35mvite:import-analysis[39m
  File: [36mE:/All DOCS/LIFE_OXI/src/App.tsx[39m:5:0
[33m  5  |  import Navbar from "./components/Navbar";
  6  |  import Footer from "./components/Footer";
  7  |  import Gallery from "./pages/Gallery";
     |                       ^
  8  |  import Home from "./pages/Home";
  9  |  function HashScrollManager() {[39m
      at TransformPluginContext._formatLog (file:///E:/All%20DOCS/LIFE_OXI/node_modules/vite/dist/node/chunks/config.js:28998:43)
      at TransformPluginContext.error (file:///E:/All%20DOCS/LIFE_OXI/node_modules/vite/dist/node/chunks/config.js:28995:14)
      at normalizeUrl (file:///E:/All%20DOCS/LIFE_OXI/node_modules/vite/dist/node/chunks/config.js:27118:18)
      at process.processTicksAndRejections (node:internal/process/task_queues:104:5)
      at async file:///E:/All%20DOCS/LIFE_OXI/node_modules/vite/dist/node/chunks/config.js:27176:32
      at async Promise.all (index 5)
      at async TransformPluginContext.transform (file:///E:/All%20DOCS/LIFE_OXI/node_modules/vite/dist/node/chunks/config.js:27144:4)
      at async EnvironmentPluginContainer.transform (file:///E:/All%20DOCS/LIFE_OXI/node_modules/vite/dist/node/chunks/config.js:28796:14)
      at async loadAndTransform (file:///E:/All%20DOCS/LIFE_OXI/node_modules/vite/dist/node/chunks/config.js:22669:26)
      at async viteTransformMiddleware (file:///E:/All%20DOCS/LIFE_OXI/node_modules/vite/dist/node/chunks/config.js:24541:20)
