
> my-app@0.0.0 dev
> vite --host 127.0.0.1 --port 3001


  [32m[1mVITE[22m v7.3.0[39m  [2mready in [0m[1m1209[22m[2m[0m ms[22m

  [32m➜[39m  [1mLocal[22m:   [36mhttp://127.0.0.1:[1m3001[22m/[39m
[2m2:52:20 AM[22m [36m[1m[vite][22m[39m [90m[2m(client)[22m[39m [32mhmr update [39m[2m/src/index.css, /src/sections/CinematicHero.tsx[22m
[2m2:52:25 AM[22m [36m[1m[vite][22m[39m [90m[2m(client)[22m[39m [32mhmr update [39m[2m/src/index.css, /src/components/MetricCounter.tsx[22m
[2m2:53:09 AM[22m [36m[1m[vite][22m[39m [90m[2m(client)[22m[39m [32mhmr update [39m[2m/src/index.css, /src/components/Navbar.tsx, /src/components/Footer.tsx, /src/sections/AdvancedServices.tsx, /src/sections/EngineeringProcess.tsx, /src/sections/TechnologyInfrastructure.tsx, /src/sections/FeaturedProjectsFlagship.tsx, /src/sections/StandardsTrust.tsx, /src/sections/MaintenanceReliability.tsx, /src/sections/CinematicHero.tsx, /src/sections/ContactExperience.tsx[22m
[2m2:53:21 AM[22m [36m[1m[vite][22m[39m [90m[2m(client)[22m[39m [32mhmr update [39m[2m/src/index.css, /src/components/MetricCounter.tsx[22m
[2m2:53:29 AM[22m [36m[1m[vite][22m[39m [90m[2m(client)[22m[39m [32mhmr update [39m[2m/src/index.css, /src/sections/CinematicHero.tsx[22m
[2m2:54:15 AM[22m [36m[1m[vite][22m[39m [90m[2m(client)[22m[39m [32mhmr update [39m[2m/src/index.css, /src/sections/CinematicHero.tsx[22m
[2m2:54:50 AM[22m [36m[1m[vite][22m[39m [90m[2m(client)[22m[39m [32mhmr update [39m[2m/src/index.css, /src/components/MetricCounter.tsx[22m
[2m2:56:16 AM[22m [36m[1m[vite][22m[39m [90m[2m(client)[22m[39m [32mhmr update [39m[2m/src/App.tsx, /src/index.css[22m
[2m2:57:05 AM[22m [36m[1m[vite][22m[39m [90m[2m(client)[22m[39m [32mhmr update [39m[2m/src/App.tsx, /src/index.css[22m
[2m2:58:11 AM[22m [36m[1m[vite][22m[39m [90m[2m(client)[22m[39m [32mhmr update [39m[2m/src/App.tsx, /src/index.css[22m
[2m2:58:20 AM[22m [36m[1m[vite][22m[39m [90m[2m(client)[22m[39m [32mhmr update [39m[2m/src/index.css[22m
[2m2:59:18 AM[22m [36m[1m[vite][22m[39m [90m[2m(client)[22m[39m [32mhmr update [39m[2m/src/App.tsx, /src/index.css[22m
[2m3:05:56 AM[22m [36m[1m[vite][22m[39m [90m[2m(client)[22m[39m [32mhmr update [39m[2m/src/index.css, /src/components/Navbar.tsx, /src/components/Footer.tsx, /src/sections/AdvancedServices.tsx, /src/sections/EngineeringProcess.tsx, /src/sections/TechnologyInfrastructure.tsx, /src/sections/FeaturedProjectsFlagship.tsx, /src/sections/StandardsTrust.tsx, /src/sections/MaintenanceReliability.tsx, /src/sections/CinematicHero.tsx, /src/sections/ContactExperience.tsx[22m
[2m2:12:19 AM[22m [36m[1m[vite][22m[39m [90m[2m(client)[22m[39m [32mhmr update [39m[2m/src/index.css, /src/components/Navbar.tsx, /src/components/Footer.tsx, /src/sections/AdvancedServices.tsx, /src/sections/EngineeringProcess.tsx, /src/sections/TechnologyInfrastructure.tsx, /src/sections/FeaturedProjectsFlagship.tsx, /src/sections/StandardsTrust.tsx, /src/sections/MaintenanceReliability.tsx, /src/sections/CinematicHero.tsx, /src/sections/ContactExperience.tsx[22m
[2m2:12:30 AM[22m [36m[1m[vite][22m[39m [90m[2m(client)[22m[39m [32mhmr update [39m[2m/src/App.tsx, /src/index.css[22m
[2m2:12:47 AM[22m [36m[1m[vite][22m[39m [90m[2m(client)[22m[39m [32mhmr update [39m[2m/src/components/Navbar.tsx, /src/index.css[22m
[2m2:13:23 AM[22m [36m[1m[vite][22m[39m [90m[2m(client)[22m[39m [32mhmr update [39m[2m/src/index.css, /src/sections/CinematicHero.tsx[22m
[2m2:13:49 AM[22m [36m[1m[vite][22m[39m [90m[2m(client)[22m[39m [32mhmr update [39m[2m/src/index.css, /src/sections/AboutLome.tsx[22m
[2m2:14:13 AM[22m [36m[1m[vite][22m[39m [90m[2m(client)[22m[39m [32mhmr update [39m[2m/src/index.css, /src/sections/StandardsTrust.tsx[22m
[2m2:14:38 AM[22m [36m[1m[vite][22m[39m [90m[2m(client)[22m[39m [32mhmr update [39m[2m/src/index.css, /src/sections/AdvancedServices.tsx[22m
[2m2:15:11 AM[22m [36m[1m[vite][22m[39m [90m[2m(client)[22m[39m [32mhmr update [39m[2m/src/index.css, /src/sections/FeaturedProjectsFlagship.tsx[22m
[2m2:16:35 AM[22m [36m[1m[vite][22m[39m [90m[2m(client)[22m[39m [32mhmr update [39m[2m/src/pages/Home.tsx, /src/index.css[22m
[2m2:16:45 AM[22m [36m[1m[vite][22m[39m [90m[2m(client)[22m[39m [32m✨ new dependencies optimized: [33m@radix-ui/react-accordion, clsx, tailwind-merge[32m[39m
[2m2:16:45 AM[22m [36m[1m[vite][22m[39m [90m[2m(client)[22m[39m [32m✨ optimized dependencies changed. reloading[39m
[2m2:17:16 AM[22m [36m[1m[vite][22m[39m [90m[2m(client)[22m[39m [32mpage reload [39m[2msrc/pages/Gallery.tsx[22m
[2m2:17:19 AM[22m [36m[1m[vite][22m[39m [90m[2m(client)[22m[39m [32m✨ new dependencies optimized: [33m@radix-ui/react-dialog[32m[39m
[2m2:17:19 AM[22m [36m[1m[vite][22m[39m [90m[2m(client)[22m[39m [32m✨ optimized dependencies changed. reloading[39m
[2m2:17:59 AM[22m [36m[1m[vite][22m[39m [90m[2m(client)[22m[39m [32mhmr update [39m[2m/src/index.css, /src/sections/AboutLome.tsx[22m
[2m2:17:59 AM[22m [36m[1m[vite][22m[39m [90m[2m(client)[22m[39m [32mhmr update [39m[2m/src/index.css, /src/sections/AdvancedServices.tsx[22m
[2m2:17:59 AM[22m [36m[1m[vite][22m[39m [90m[2m(client)[22m[39m [32mhmr update [39m[2m/src/pages/Gallery.tsx, /src/index.css[22m
[2m2:17:59 AM[22m [36m[1m[vite][22m[39m [90m[2m(client)[22m[39m [32mhmr update [39m[2m/src/index.css, /src/sections/FeaturedProjectsFlagship.tsx[22m
[2m2:17:59 AM[22m [36m[1m[vite][22m[39m [90m[2m(client)[22m[39m [32mhmr update [39m[2m/src/sections/CallToActionBand.tsx, /src/index.css[22m
[2m2:18:45 AM[22m [36m[1m[vite][22m[39m [90m[2m(client)[22m[39m [32mhmr update [39m[2m/src/index.css, /src/sections/ContactExperience.tsx[22m
[2m2:18:56 AM[22m [36m[1m[vite][22m[39m [90m[2m(client)[22m[39m [32mhmr update [39m[2m/src/index.css, /src/sections/ContactExperience.tsx[22m
[2m2:19:19 AM[22m [36m[1m[vite][22m[39m [90m[2m(client)[22m[39m [32mhmr update [39m[2m/src/components/Footer.tsx, /src/index.css[22m
[2m2:19:37 AM[22m [36m[1m[vite][22m[39m [90m[2m(client)[22m[39m [32mhmr update [39m[2m/src/index.css, /src/sections/CinematicHero.tsx[22m
[2m2:20:45 AM[22m [36m[1m[vite][22m[39m [90m[2m(client)[22m[39m [32mhmr update [39m[2m/src/components/Navbar.tsx, /src/index.css[22m
[2m2:20:45 AM[22m [36m[1m[vite][22m[39m [90m[2m(client)[22m[39m [32mhmr update [39m[2m/src/index.css, /src/components/Navbar.tsx, /src/components/Footer.tsx, /src/sections/AdvancedServices.tsx, /src/sections/EngineeringProcess.tsx, /src/sections/TechnologyInfrastructure.tsx, /src/sections/FeaturedProjectsFlagship.tsx, /src/sections/StandardsTrust.tsx, /src/sections/MaintenanceReliability.tsx, /src/sections/CinematicHero.tsx, /src/sections/ContactExperience.tsx, /src/sections/AboutLome.tsx, /src/sections/DetailedScope.tsx, /src/sections/TestimonialsFAQ.tsx, /src/pages/Gallery.tsx[22m
[2m2:29:22 AM[22m [36m[1m[vite][22m[39m [90m[2m(client)[22m[39m [32mhmr update [39m[2m/src/pages/Gallery.tsx, /src/index.css[22m
[2m2:54:41 AM[22m [36m[1m[vite][22m[39m [90m[2m(client)[22m[39m [32mhmr update [39m[2m/src/index.css, /src/sections/CinematicHero.tsx[22m
[2m2:54:53 AM[22m [36m[1m[vite][22m[39m [90m[2m(client)[22m[39m [32mhmr update [39m[2m/src/index.css, /src/sections/StandardsTrust.tsx[22m
[2m2:55:11 AM[22m [36m[1m[vite][22m[39m [90m[2m(client)[22m[39m [32mhmr update [39m[2m/src/sections/DetailedScope.tsx, /src/index.css[22m
[2m2:55:25 AM[22m [36m[1m[vite][22m[39m [90m[2m(client)[22m[39m [32mhmr update [39m[2m/src/index.css, /src/sections/FeaturedProjectsFlagship.tsx[22m
[2m2:55:38 AM[22m [36m[1m[vite][22m[39m [90m[2m(client)[22m[39m [32mhmr update [39m[2m/src/pages/Gallery.tsx, /src/index.css[22m
[2m2:55:44 AM[22m [36m[1m[vite][22m[39m [90m[2m(client)[22m[39m [32mhmr update [39m[2m/src/index.css[22m
[2m2:59:30 AM[22m [36m[1m[vite][22m[39m [90m[2m(client)[22m[39m [32mhmr update [39m[2m/src/index.css, /src/components/Navbar.tsx, /src/components/Footer.tsx, /src/sections/AdvancedServices.tsx, /src/sections/EngineeringProcess.tsx, /src/sections/TechnologyInfrastructure.tsx, /src/sections/FeaturedProjectsFlagship.tsx, /src/sections/StandardsTrust.tsx, /src/sections/MaintenanceReliability.tsx, /src/sections/CinematicHero.tsx, /src/sections/ContactExperience.tsx, /src/sections/AboutLome.tsx, /src/sections/DetailedScope.tsx, /src/sections/TestimonialsFAQ.tsx, /src/pages/Gallery.tsx[22m
[2m3:07:55 AM[22m [36m[1m[vite][22m[39m [90m[2m(client)[22m[39m [32mhmr update [39m[2m/src/pages/Home.tsx, /src/index.css[22m
[2m3:08:06 AM[22m [36m[1m[vite][22m[39m [90m[2m(client)[22m[39m [32mhmr update [39m[2m/src/components/Navbar.tsx, /src/index.css[22m
[2m3:08:14 AM[22m [36m[1m[vite][22m[39m [90m[2m(client)[22m[39m [32mhmr update [39m[2m/src/components/Footer.tsx, /src/index.css[22m
[2m3:08:28 AM[22m [36m[1m[vite][22m[39m [90m[2m(client)[22m[39m [32mhmr update [39m[2m/src/pages/Gallery.tsx, /src/index.css[22m
[2m3:08:33 AM[22m [36m[1m[vite][22m[39m [90m[2m(client)[22m[39m [32mhmr update [39m[2m/src/index.css, /src/components/Navbar.tsx, /src/components/Footer.tsx, /src/sections/AdvancedServices.tsx, /src/sections/EngineeringProcess.tsx, /src/sections/TechnologyInfrastructure.tsx, /src/sections/FeaturedProjectsFlagship.tsx, /src/sections/StandardsTrust.tsx, /src/sections/MaintenanceReliability.tsx, /src/sections/CinematicHero.tsx, /src/sections/ContactExperience.tsx, /src/sections/AboutLome.tsx, /src/sections/DetailedScope.tsx, /src/sections/TestimonialsFAQ.tsx, /src/pages/Gallery.tsx, /src/pages/Home.tsx[22m
[2m3:08:37 AM[22m [36m[1m[vite][22m[39m [90m[2m(client)[22m[39m [32mhmr update [39m[2m/src/App.tsx, /src/index.css[22m
[2m3:08:43 AM[22m [36m[1m[vite][22m[39m [90m[2m(client)[22m[39m [32mhmr update [39m[2m/src/index.css[22m
